<!DOCTYPE html>
<html>
<head>
<meta http-equiv="Content-Type" content="text/html; charset=utf-8"/>
<meta http-equiv="x-ua-compatible" content="IE=edge"/>
<title>Test results - GestioneStanzaControllerUnitTest</title>
<link href="../css/base-style.css" rel="stylesheet" type="text/css"/>
<link href="../css/style.css" rel="stylesheet" type="text/css"/>
<script src="../js/report.js" type="text/javascript"></script>
</head>
<body>
<div id="content">
<h1>GestioneStanzaControllerUnitTest</h1>
<div class="breadcrumbs">
<a href="../index.html">all</a> &gt; 
<a href="../packages/com.commigo.metaclass.MetaClass.gestionestanza.controller.html">com.commigo.metaclass.MetaClass.gestionestanza.controller</a> &gt; GestioneStanzaControllerUnitTest</div>
<div id="summary">
<table>
<tr>
<td>
<div class="summaryGroup">
<table>
<tr>
<td>
<div class="infoBox" id="tests">
<div class="counter">21</div>
<p>tests</p>
</div>
</td>
<td>
<div class="infoBox" id="failures">
<div class="counter">0</div>
<p>failures</p>
</div>
</td>
<td>
<div class="infoBox" id="ignored">
<div class="counter">0</div>
<p>ignored</p>
</div>
</td>
<td>
<div class="infoBox" id="duration">
<div class="counter">0.425s</div>
<p>duration</p>
</div>
</td>
</tr>
</table>
</div>
</td>
<td>
<div class="infoBox success" id="successRate">
<div class="percent">100%</div>
<p>successful</p>
</div>
</td>
</tr>
</table>
</div>
<div id="tabs">
<ul class="tabLinks">
<li>
<a href="#tab0">Tests</a>
</li>
<li>
<a href="#tab1">Standard output</a>
</li>
</ul>
<div id="tab0" class="tab">
<h2>Tests</h2>
<table>
<thead>
<tr>
<th>Test</th>
<th>Duration</th>
<th>Result</th>
</tr>
</thead>
<tr>
<td class="success">testAccessoStanzaAttributeNotValid()</td>
<td class="success">0.016s</td>
<td class="success">passed</td>
</tr>
<tr>
<td class="success">testAccessoStanzaCodeisTextual()</td>
<td class="success">0.015s</td>
<td class="success">passed</td>
</tr>
<tr>
<td class="success">testAccessoStanzaOnJsonProcessingFailure()</td>
<td class="success">0.015s</td>
<td class="success">passed</td>
</tr>
<tr>
<td class="success">testAccessoStanzaOnServerFailure()</td>
<td class="success">0.018s</td>
<td class="success">passed</td>
</tr>
<tr>
<td class="success">testAccessoStanzaOnTestCase1()</td>
<td class="success">0.015s</td>
<td class="success">passed</td>
</tr>
<tr>
<td class="success">testAccessoStanzaOnTestCase2()</td>
<td class="success">0.016s</td>
<td class="success">passed</td>
</tr>
<tr>
<td class="success">testAccessoStanzaOnTokenValidationFailed()</td>
<td class="success">0.014s</td>
<td class="success">passed</td>
</tr>
<tr>
<td class="success">testCreaStanzaFailure()</td>
<td class="success">0.042s</td>
<td class="success">passed</td>
</tr>
<tr>
<td class="success">testCreaStanzaOnServerFailure()</td>
<td class="success">0.023s</td>
<td class="success">passed</td>
</tr>
<tr>
<td class="success">testCreaStanzaOnSuccess()</td>
<td class="success">0.026s</td>
<td class="success">passed</td>
</tr>
<tr>
<td class="success">testCreaStanzaOnTestCase1()</td>
<td class="success">0.022s</td>
<td class="success">passed</td>
</tr>
<tr>
<td class="success">testCreaStanzaOnTestCase10()</td>
<td class="success">0.023s</td>
<td class="success">passed</td>
</tr>
<tr>
<td class="success">testCreaStanzaOnTestCase11()</td>
<td class="success">0.017s</td>
<td class="success">passed</td>
</tr>
<tr>
<td class="success">testCreaStanzaOnTestCase12()</td>
<td class="success">0.020s</td>
<td class="success">passed</td>
</tr>
<tr>
<td class="success">testCreaStanzaOnTestCase2()</td>
<td class="success">0.020s</td>
<td class="success">passed</td>
</tr>
<tr>
<td class="success">testCreaStanzaOnTestCase5()</td>
<td class="success">0.019s</td>
<td class="success">passed</td>
</tr>
<tr>
<td class="success">testCreaStanzaOnTestCase6()</td>
<td class="success">0.021s</td>
<td class="success">passed</td>
</tr>
<tr>
<td class="success">testCreaStanzaOnTestCase7()</td>
<td class="success">0.018s</td>
<td class="success">passed</td>
</tr>
<tr>
<td class="success">testCreaStanzaOnTestCase9()</td>
<td class="success">0.022s</td>
<td class="success">passed</td>
</tr>
<tr>
<td class="success">testCreaStanzaOnTokenValidationFailed()</td>
<td class="success">0.020s</td>
<td class="success">passed</td>
</tr>
<tr>
<td class="success">testRichiestaAccessoStanzaOnSuccess()</td>
<td class="success">0.023s</td>
<td class="success">passed</td>
</tr>
</table>
</div>
<div id="tab1" class="tab">
<h2>Standard output</h2>
<span class="code">
<pre>
  .   ____          _            __ _ _
 /\\ / ___'_ __ _ _(_)_ __  __ _ \ \ \ \
( ( )\___ | '_ | '_| | '_ \/ _` | \ \ \ \
 \\/  ___)| |_)| | | | | || (_| |  ) ) ) )
  '  |____| .__|_| |_|_| |_\__, | / / / /
 =========|_|==============|___/=/_/_/_/
 :: Spring Boot ::                (v3.2.1)

2024-01-20T17:50:26.908+01:00  INFO 27800 --- [    Test worker] m.M.g.c.GestioneStanzaControllerUnitTest : Starting GestioneStanzaControllerUnitTest using Java 17.0.10 with PID 27800 (started by Everysimo in C:\Users\Everysimo\Documents\Intellij_Projects\MetaClass\backend)
2024-01-20T17:50:26.908+01:00  INFO 27800 --- [    Test worker] m.M.g.c.GestioneStanzaControllerUnitTest : No active profile set, falling back to 1 default profile: &quot;default&quot;
2024-01-20T17:50:26.923+01:00  INFO 27800 --- [    Test worker] m.M.g.c.GestioneStanzaControllerUnitTest : Started GestioneStanzaControllerUnitTest in 0.054 seconds (process running for 8.061)
2024-01-20T17:50:26.938+01:00  INFO 27800 --- [    Test worker] o.s.mock.web.MockServletContext          : Initializing Spring TestDispatcherServlet ''
2024-01-20T17:50:26.939+01:00  INFO 27800 --- [    Test worker] o.s.t.web.servlet.TestDispatcherServlet  : Initializing Servlet ''
2024-01-20T17:50:26.939+01:00  INFO 27800 --- [    Test worker] o.s.t.web.servlet.TestDispatcherServlet  : Completed initialization in 0 ms
2024-01-20T17:50:26.978+01:00  INFO 27800 --- [    Test worker] o.s.mock.web.MockServletContext          : Initializing Spring TestDispatcherServlet ''
2024-01-20T17:50:26.978+01:00  INFO 27800 --- [    Test worker] o.s.t.web.servlet.TestDispatcherServlet  : Initializing Servlet ''
2024-01-20T17:50:26.979+01:00  INFO 27800 --- [    Test worker] o.s.t.web.servlet.TestDispatcherServlet  : Completed initialization in 1 ms
Actual Status: 403
Response Content: {&quot;value&quot;:-1,&quot;message&quot;:&quot;Errore durante la richiesta: l'attributo deve essere nominato 'codice' e non diversamente&quot;,&quot;inAttesa&quot;:false}
2024-01-20T17:50:26.995+01:00  INFO 27800 --- [    Test worker] o.s.mock.web.MockServletContext          : Initializing Spring TestDispatcherServlet ''
2024-01-20T17:50:26.996+01:00  INFO 27800 --- [    Test worker] o.s.t.web.servlet.TestDispatcherServlet  : Initializing Servlet ''
2024-01-20T17:50:26.996+01:00  INFO 27800 --- [    Test worker] o.s.t.web.servlet.TestDispatcherServlet  : Completed initialization in 0 ms
Actual Status: 403
Response Content: {&quot;value&quot;:-1,&quot;message&quot;:&quot;Errore durante la richiesta: il body della tua richiesta Ã¨ vuoto&quot;,&quot;inAttesa&quot;:false}
2024-01-20T17:50:27.013+01:00  INFO 27800 --- [    Test worker] o.s.mock.web.MockServletContext          : Initializing Spring TestDispatcherServlet ''
2024-01-20T17:50:27.013+01:00  INFO 27800 --- [    Test worker] o.s.t.web.servlet.TestDispatcherServlet  : Initializing Servlet ''
2024-01-20T17:50:27.013+01:00  INFO 27800 --- [    Test worker] o.s.t.web.servlet.TestDispatcherServlet  : Completed initialization in 0 ms
2024-01-20T17:50:27.036+01:00  INFO 27800 --- [    Test worker] o.s.mock.web.MockServletContext          : Initializing Spring TestDispatcherServlet ''
2024-01-20T17:50:27.037+01:00  INFO 27800 --- [    Test worker] o.s.t.web.servlet.TestDispatcherServlet  : Initializing Servlet ''
2024-01-20T17:50:27.037+01:00  INFO 27800 --- [    Test worker] o.s.t.web.servlet.TestDispatcherServlet  : Completed initialization in 0 ms
Actual Status: 200
Response Content: {&quot;value&quot;:true,&quot;message&quot;:&quot;Corretto&quot;}
2024-01-20T17:50:27.060+01:00  INFO 27800 --- [    Test worker] o.s.mock.web.MockServletContext          : Initializing Spring TestDispatcherServlet ''
2024-01-20T17:50:27.060+01:00  INFO 27800 --- [    Test worker] o.s.t.web.servlet.TestDispatcherServlet  : Initializing Servlet ''
2024-01-20T17:50:27.060+01:00  INFO 27800 --- [    Test worker] o.s.t.web.servlet.TestDispatcherServlet  : Completed initialization in 0 ms
Actual Status: 403
Response Content: {&quot;value&quot;:false,&quot;message&quot;:&quot;Errore durante la richiesta: Lunghezza nome errata&quot;}
2024-01-20T17:50:27.082+01:00  INFO 27800 --- [    Test worker] o.s.mock.web.MockServletContext          : Initializing Spring TestDispatcherServlet ''
2024-01-20T17:50:27.082+01:00  INFO 27800 --- [    Test worker] o.s.t.web.servlet.TestDispatcherServlet  : Initializing Servlet ''
2024-01-20T17:50:27.082+01:00  INFO 27800 --- [    Test worker] o.s.t.web.servlet.TestDispatcherServlet  : Completed initialization in 0 ms
Actual Status: 403
Response Content: {&quot;value&quot;:false,&quot;message&quot;:&quot;Errore durante la richiesta: Formato nome errato&quot;}
2024-01-20T17:50:27.103+01:00  INFO 27800 --- [    Test worker] o.s.mock.web.MockServletContext          : Initializing Spring TestDispatcherServlet ''
2024-01-20T17:50:27.103+01:00  INFO 27800 --- [    Test worker] o.s.t.web.servlet.TestDispatcherServlet  : Initializing Servlet ''
2024-01-20T17:50:27.103+01:00  INFO 27800 --- [    Test worker] o.s.t.web.servlet.TestDispatcherServlet  : Completed initialization in 0 ms
Actual Status: 403
Response Content: {&quot;value&quot;:false,&quot;message&quot;:&quot;Errore durante la richiesta: Formato descrizione errata, Lunghezza descrizione errata, La descrizione non puÃ² essere vuota&quot;}
2024-01-20T17:50:27.124+01:00  INFO 27800 --- [    Test worker] o.s.mock.web.MockServletContext          : Initializing Spring TestDispatcherServlet ''
2024-01-20T17:50:27.124+01:00  INFO 27800 --- [    Test worker] o.s.t.web.servlet.TestDispatcherServlet  : Initializing Servlet ''
2024-01-20T17:50:27.125+01:00  INFO 27800 --- [    Test worker] o.s.t.web.servlet.TestDispatcherServlet  : Completed initialization in 1 ms
Actual Status: 403
Response Content: {&quot;value&quot;:false,&quot;message&quot;:&quot;Errore durante la richiesta: Lunghezza descrizione errata&quot;}
2024-01-20T17:50:27.146+01:00  INFO 27800 --- [    Test worker] o.s.mock.web.MockServletContext          : Initializing Spring TestDispatcherServlet ''
2024-01-20T17:50:27.147+01:00  INFO 27800 --- [    Test worker] o.s.t.web.servlet.TestDispatcherServlet  : Initializing Servlet ''
2024-01-20T17:50:27.147+01:00  INFO 27800 --- [    Test worker] o.s.t.web.servlet.TestDispatcherServlet  : Completed initialization in 0 ms
Actual Status: 403
Response Content: {&quot;value&quot;:false,&quot;message&quot;:&quot;Errore durante la richiesta: Formato descrizione errata&quot;}
2024-01-20T17:50:27.166+01:00  INFO 27800 --- [    Test worker] o.s.mock.web.MockServletContext          : Initializing Spring TestDispatcherServlet ''
2024-01-20T17:50:27.167+01:00  INFO 27800 --- [    Test worker] o.s.t.web.servlet.TestDispatcherServlet  : Initializing Servlet ''
2024-01-20T17:50:27.167+01:00  INFO 27800 --- [    Test worker] o.s.t.web.servlet.TestDispatcherServlet  : Completed initialization in 0 ms
Actual Status: 403
Response Content: {&quot;value&quot;:false,&quot;message&quot;:&quot;Errore durante la richiesta: Il valore del  parametro non deve essere inferiore ad 1&quot;}
2024-01-20T17:50:27.190+01:00  INFO 27800 --- [    Test worker] o.s.mock.web.MockServletContext          : Initializing Spring TestDispatcherServlet ''
2024-01-20T17:50:27.190+01:00  INFO 27800 --- [    Test worker] o.s.t.web.servlet.TestDispatcherServlet  : Initializing Servlet ''
2024-01-20T17:50:27.191+01:00  INFO 27800 --- [    Test worker] o.s.t.web.servlet.TestDispatcherServlet  : Completed initialization in 1 ms
Actual Status: 403
Response Content: {&quot;value&quot;:false,&quot;message&quot;:&quot;Errore durante la richiesta: Token non valido&quot;}
{&quot;codice&quot;:&quot;000001&quot;}
2024-01-20T17:50:27.212+01:00  INFO 27800 --- [    Test worker] o.s.mock.web.MockServletContext          : Initializing Spring TestDispatcherServlet ''
2024-01-20T17:50:27.212+01:00  INFO 27800 --- [    Test worker] o.s.t.web.servlet.TestDispatcherServlet  : Initializing Servlet ''
2024-01-20T17:50:27.212+01:00  INFO 27800 --- [    Test worker] o.s.t.web.servlet.TestDispatcherServlet  : Completed initialization in 0 ms
Actual Status: 403
Response Content: {&quot;value&quot;:-1,&quot;message&quot;:&quot;Errore durante la richiesta: Token non valido&quot;,&quot;inAttesa&quot;:false}
{&quot;codice&quot;:&quot;1234&quot;}
2024-01-20T17:50:27.228+01:00  INFO 27800 --- [    Test worker] o.s.mock.web.MockServletContext          : Initializing Spring TestDispatcherServlet ''
2024-01-20T17:50:27.228+01:00  INFO 27800 --- [    Test worker] o.s.t.web.servlet.TestDispatcherServlet  : Initializing Servlet ''
2024-01-20T17:50:27.228+01:00  INFO 27800 --- [    Test worker] o.s.t.web.servlet.TestDispatcherServlet  : Completed initialization in 0 ms
4
Actual Status: 403
Response Content: {&quot;value&quot;:-1,&quot;message&quot;:&quot;Errore durante la richiesta: il codice deve essere un numero di 6 cifre&quot;,&quot;inAttesa&quot;:false}
{&quot;codice&quot;:&quot;123456&quot;}
2024-01-20T17:50:27.245+01:00  INFO 27800 --- [    Test worker] o.s.mock.web.MockServletContext          : Initializing Spring TestDispatcherServlet ''
2024-01-20T17:50:27.245+01:00  INFO 27800 --- [    Test worker] o.s.t.web.servlet.TestDispatcherServlet  : Initializing Servlet ''
2024-01-20T17:50:27.245+01:00  INFO 27800 --- [    Test worker] o.s.t.web.servlet.TestDispatcherServlet  : Completed initialization in 0 ms
6
Actual Status: 200
Response Content: 
2024-01-20T17:50:27.265+01:00  INFO 27800 --- [    Test worker] o.s.mock.web.MockServletContext          : Initializing Spring TestDispatcherServlet ''
2024-01-20T17:50:27.265+01:00  INFO 27800 --- [    Test worker] o.s.t.web.servlet.TestDispatcherServlet  : Initializing Servlet ''
2024-01-20T17:50:27.266+01:00  INFO 27800 --- [    Test worker] o.s.t.web.servlet.TestDispatcherServlet  : Completed initialization in 1 ms
Actual Status: 200
Response Content: {&quot;value&quot;:true,&quot;message&quot;:&quot;Corretto&quot;}
2024-01-20T17:50:27.291+01:00  INFO 27800 --- [    Test worker] o.s.mock.web.MockServletContext          : Initializing Spring TestDispatcherServlet ''
2024-01-20T17:50:27.291+01:00  INFO 27800 --- [    Test worker] o.s.t.web.servlet.TestDispatcherServlet  : Initializing Servlet ''
2024-01-20T17:50:27.291+01:00  INFO 27800 --- [    Test worker] o.s.t.web.servlet.TestDispatcherServlet  : Completed initialization in 0 ms
Actual Status: 403
Response Content: {&quot;value&quot;:-1,&quot;message&quot;:&quot;Errore durante la richiesta: l'attributo deve essere una stringa&quot;,&quot;inAttesa&quot;:false}
2024-01-20T17:50:27.309+01:00  INFO 27800 --- [    Test worker] o.s.mock.web.MockServletContext          : Initializing Spring TestDispatcherServlet ''
2024-01-20T17:50:27.309+01:00  INFO 27800 --- [    Test worker] o.s.t.web.servlet.TestDispatcherServlet  : Initializing Servlet ''
2024-01-20T17:50:27.310+01:00  INFO 27800 --- [    Test worker] o.s.t.web.servlet.TestDispatcherServlet  : Completed initialization in 1 ms
6
2024-01-20T17:50:27.328+01:00  INFO 27800 --- [    Test worker] o.s.mock.web.MockServletContext          : Initializing Spring TestDispatcherServlet ''
2024-01-20T17:50:27.328+01:00  INFO 27800 --- [    Test worker] o.s.t.web.servlet.TestDispatcherServlet  : Initializing Servlet ''
2024-01-20T17:50:27.328+01:00  INFO 27800 --- [    Test worker] o.s.t.web.servlet.TestDispatcherServlet  : Completed initialization in 0 ms
Actual Status: 403
Response Content: {&quot;value&quot;:false,&quot;message&quot;:&quot;Errore durante la richiesta: Il valore del  parametro non deve superare 999&quot;}
2024-01-20T17:50:27.352+01:00  INFO 27800 --- [    Test worker] o.s.mock.web.MockServletContext          : Initializing Spring TestDispatcherServlet ''
2024-01-20T17:50:27.353+01:00  INFO 27800 --- [    Test worker] o.s.t.web.servlet.TestDispatcherServlet  : Initializing Servlet ''
2024-01-20T17:50:27.353+01:00  INFO 27800 --- [    Test worker] o.s.t.web.servlet.TestDispatcherServlet  : Completed initialization in 0 ms
2024-01-20T17:50:27.358+01:00  WARN 27800 --- [    Test worker] .w.s.m.s.DefaultHandlerExceptionResolver : Resolved [org.springframework.http.converter.HttpMessageNotReadableException: JSON parse error: Cannot construct instance of `com.commigo.metaclass.MetaClass.entity.Stanza`, problem: maxPosti non è un intero]
Actual Status: 400
Response Content: 
2024-01-20T17:50:27.374+01:00  INFO 27800 --- [    Test worker] o.s.mock.web.MockServletContext          : Initializing Spring TestDispatcherServlet ''
2024-01-20T17:50:27.375+01:00  INFO 27800 --- [    Test worker] o.s.t.web.servlet.TestDispatcherServlet  : Initializing Servlet ''
2024-01-20T17:50:27.375+01:00  INFO 27800 --- [    Test worker] o.s.t.web.servlet.TestDispatcherServlet  : Completed initialization in 0 ms
2024-01-20T17:50:27.380+01:00  WARN 27800 --- [    Test worker] .w.s.m.s.DefaultHandlerExceptionResolver : Resolved [org.springframework.http.converter.HttpMessageNotReadableException: JSON parse error: Cannot construct instance of `com.commigo.metaclass.MetaClass.entity.Stanza`, problem: gli attributi non sono corretti]
Actual Status: 400
Response Content: 
</pre>
</span>
</div>
</div>
<div id="footer">
<p>
<div>
<label class="hidden" id="label-for-line-wrapping-toggle" for="line-wrapping-toggle">Wrap lines
<input id="line-wrapping-toggle" type="checkbox" autocomplete="off"/>
</label>
</div>Generated by 
<a href="http://www.gradle.org">Gradle 8.5</a> at 20 gen 2024, 17:50:27</p>
</div>
</div>
</body>
</html>
